2023-12-01T00:03:41.695 INFO validation_transformation.py 52-  Start the Validation of Raw data
2023-12-01T00:03:41.695 INFO data_validation.py 36-  Schema details retrieved from Schema json
2023-12-01T00:03:41.696 INFO validation_transformation.py 65-  column length of input dataframe matched with schema
2023-12-01T00:03:41.697 INFO validation_transformation.py 75-  No complete missing column found
2023-12-01T00:03:41.698 INFO validation_transformation.py 82-  Valid column name in input data
2023-12-01T00:03:41.700 INFO validation_transformation.py 92-  Data Validation done , Data Transformation started
2023-12-01T00:03:41.703 INFO data_transformation.py 48-  Dropped 0 rows from input dataframe
2023-12-01T00:03:41.705 INFO data_transformation.py 100- Encoding done for categorical features
2023-12-01T00:03:41.706 INFO validation_transformation.py 115-  Re-arranging columns done
2023-12-01T00:03:41.706 INFO validation_transformation.py 120-  Re-naming columns for databse done
2023-12-01T00:03:41.706 INFO validation_transformation.py 121-  Data transformation done
2023-12-01T00:03:41.707 INFO db_operations.py 49- Opened housing_price.db database successfully
2023-12-01T00:03:41.723 INFO db_operations.py 92- transformed_data_table table created successfully
2023-12-01T00:03:41.723 INFO db_operations.py 98-  Closed database successfully
2023-12-01T00:03:41.724 INFO db_operations.py 49- Opened housing_price.db database successfully
2023-12-01T00:03:41.737 INFO db_operations.py 122-  Records inserted Successfully in transformed_data_table
2023-12-01T00:03:41.737 INFO db_operations.py 137-  Closed database successfully
2023-12-01T00:03:42.950 INFO predict_from_model.py 36-  Model loaded successfully.
2023-12-01T00:03:42.963 INFO predict_from_model.py 101-  Prediction done successfully
2023-12-01T00:03:42.963 INFO predict_from_model.py 103-  Creating the Prediction table
2023-12-01T00:03:42.964 INFO db_operations.py 49- Opened housing_price.db database successfully
2023-12-01T00:03:42.982 INFO db_operations.py 92- predicted_data_table table created successfully
2023-12-01T00:03:42.982 INFO db_operations.py 98-  Closed database successfully
2023-12-01T00:03:42.982 INFO predict_from_model.py 108-  Loading the data to Prediction table
2023-12-01T00:03:42.984 INFO db_operations.py 49- Opened housing_price.db database successfully
2023-12-01T00:03:42.996 INFO db_operations.py 122-  Records inserted Successfully in predicted_data_table
2023-12-01T00:03:42.996 INFO db_operations.py 137-  Closed database successfully
2023-12-01T00:03:43.000 INFO _internal.py 96- 127.0.0.1 - - [01/Dec/2023 00:03:43] "POST /predict HTTP/1.1" 200 -
2023-12-01T00:13:28.298 INFO _internal.py 96-  * Detected change in 'C:\\Users\\A200237370\\Documents\\R\\housing_price\\tests\\pipeline\\test_data_validation.py', reloading
